<?xml version="1.0" encoding="UTF-8"?>
<!-- Generated by org.testng.reporters.JUnitXMLReporter -->
<testsuite hostname="DESKTOP-7J3NFB2" name="Test" tests="5" failures="0" timestamp="6 Aug 2019 14:42:20 GMT" time="134.202" errors="0">
  <testcase name="TC001_Myleave" time="22.003" classname="com.tm.TestCases.TestCases_MyLeave"/>
  <testcase name="TC1001_EditingMyTimeSheet" time="23.968" classname="com.tm.TestCases.TestCases_MyTimeSheets"/>
  <testcase name="TC101_verifyLoginFunctionality" time="10.673" classname="com.tm.TestCases.TestCases_Leave"/>
  <testcase name="TC102_ApplyLeave" time="29.523" classname="com.tm.TestCases.TestCases_Leave"/>
  <testcase name="TC203_AddMembership" time="22.403" classname="com.tm.TestCases.TestCases_Myinfo"/>
</testsuite> <!-- Test -->
