<?xml version="1.0" encoding="UTF-8"?>
<testng-results skipped="0" failed="0" total="1" passed="1">
  <reporter-output>
  </reporter-output>
  <suite name="Default suite" duration-ms="41393" started-at="2019-09-01T10:48:22Z" finished-at="2019-09-01T10:49:03Z">
    <groups>
    </groups>
    <test name="Default test" duration-ms="41393" started-at="2019-09-01T10:48:22Z" finished-at="2019-09-01T10:49:03Z">
      <class name="com.tm.TestCases.TestCase_yahoodetails">
        <test-method status="PASS" signature="setupReport()[pri:0, instance:com.tm.TestCases.TestCase_yahoodetails@6767c1fc]" name="setupReport" is-config="true" duration-ms="344" started-at="2019-09-01T16:18:22Z" finished-at="2019-09-01T16:18:22Z">
          <reporter-output>
          </reporter-output>
        </test-method> <!-- setupReport -->
        <test-method status="PASS" signature="launchBrowser(java.lang.reflect.Method)[pri:0, instance:com.tm.TestCases.TestCase_yahoodetails@6767c1fc]" name="launchBrowser" is-config="true" duration-ms="5615" started-at="2019-09-01T16:18:22Z" finished-at="2019-09-01T16:18:28Z">
          <params>
            <param index="0">
              <value>
                <![CDATA[public void com.tm.TestCases.TestCase_yahoodetails.TC0123_yahoopage()]]>
              </value>
            </param>
          </params>
          <reporter-output>
          </reporter-output>
        </test-method> <!-- launchBrowser -->
        <test-method status="PASS" signature="TC0123_yahoopage()[pri:0, instance:com.tm.TestCases.TestCase_yahoodetails@6767c1fc]" name="TC0123_yahoopage" duration-ms="33499" started-at="2019-09-01T16:18:28Z" finished-at="2019-09-01T16:19:01Z">
          <reporter-output>
          </reporter-output>
        </test-method> <!-- TC0123_yahoopage -->
        <test-method status="PASS" signature="closeBrowser()[pri:0, instance:com.tm.TestCases.TestCase_yahoodetails@6767c1fc]" name="closeBrowser" is-config="true" duration-ms="2194" started-at="2019-09-01T16:19:01Z" finished-at="2019-09-01T16:19:03Z">
          <reporter-output>
          </reporter-output>
        </test-method> <!-- closeBrowser -->
        <test-method status="PASS" signature="toEnd()[pri:0, instance:com.tm.TestCases.TestCase_yahoodetails@6767c1fc]" name="toEnd" is-config="true" duration-ms="8845" started-at="2019-09-01T16:19:04Z" finished-at="2019-09-01T16:19:13Z">
          <reporter-output>
          </reporter-output>
        </test-method> <!-- toEnd -->
      </class> <!-- com.tm.TestCases.TestCase_yahoodetails -->
    </test> <!-- Default test -->
  </suite> <!-- Default suite -->
</testng-results>
